Information: Updating design information... (UID-85)
Warning: Design 'QuadCopter' contains 1 high-fanout nets. A fanout number of 1000 will be used for delay calculations involving these nets. (TIM-134)
 
****************************************
Report : timing
        -path full
        -delay min
        -max_paths 1
Design : QuadCopter
Version: M-2016.12
Date   : Mon Dec 11 11:33:23 2017
****************************************

 # A fanout number of 1000 was used for high fanout net computations.

Operating Conditions: NCCOM   Library: tcbn40lpbwptc
Wire Load Model Mode: segmented

  Startpoint: iNEMO/iII/roll_int_reg[22]
              (rising edge-triggered flip-flop clocked by clk)
  Endpoint: iNEMO/iII/roll_off_reg[11]
            (rising edge-triggered flip-flop clocked by clk)
  Path Group: clk
  Path Type: min

  Des/Clust/Port     Wire Load Model       Library
  ------------------------------------------------
  QuadCopter         TSMC32K_Lowk_Conservative
                                           tcbn40lpbwptc

  Point                                                   Incr       Path
  --------------------------------------------------------------------------
  clock clk (rise edge)                                   0.00       0.00
  clock network delay (ideal)                             0.00       0.00
  iNEMO/iII/roll_int_reg[22]/CP (DFCND2BWP)               0.00 #     0.00 r
  iNEMO/iII/roll_int_reg[22]/Q (DFCND2BWP)                0.13       0.13 f
  iNEMO/iII/roll_off_reg[11]/D (EDFCNQD1BWP)              0.00       0.13 f
  data arrival time                                                  0.13

  clock clk (rise edge)                                   0.00       0.00
  clock network delay (ideal)                             0.00       0.00
  clock uncertainty                                       0.15       0.15
  iNEMO/iII/roll_off_reg[11]/CP (EDFCNQD1BWP)             0.00       0.15 r
  library hold time                                      -0.02       0.13
  data required time                                                 0.13
  --------------------------------------------------------------------------
  data required time                                                 0.13
  data arrival time                                                 -0.13
  --------------------------------------------------------------------------
  slack (MET)                                                        0.00


1
