Information: Updating design information... (UID-85)
Warning: Design 'QuadCopter' contains 1 high-fanout nets. A fanout number of 1000 will be used for delay calculations involving these nets. (TIM-134)
 
****************************************
Report : timing
        -path full
        -delay min
        -max_paths 1
Design : QuadCopter
Version: M-2016.12
Date   : Mon Dec 11 11:35:25 2017
****************************************

 # A fanout number of 1000 was used for high fanout net computations.

Operating Conditions: NCCOM   Library: tcbn40lpbwptc
Wire Load Model Mode: segmented

  Startpoint: iUART/iUART/iRX/rx_ff1_reg
              (rising edge-triggered flip-flop clocked by clk)
  Endpoint: iUART/iUART/iRX/rx_ff2_reg
            (rising edge-triggered flip-flop clocked by clk)
  Path Group: clk
  Path Type: min

  Des/Clust/Port     Wire Load Model       Library
  ------------------------------------------------
  QuadCopter         TSMC32K_Lowk_Conservative
                                           tcbn40lpbwptc

  Point                                                   Incr       Path
  --------------------------------------------------------------------------
  clock clk (rise edge)                                   0.00       0.00
  clock network delay (ideal)                             0.00       0.00
  iUART/iUART/iRX/rx_ff1_reg/CP (DFSNQD1BWP)              0.00 #     0.00 r
  iUART/iUART/iRX/rx_ff1_reg/Q (DFSNQD1BWP)               0.12       0.12 f
  iUART/iUART/iRX/rx_ff2_reg/D (DFSNQD1BWP)               0.00       0.12 f
  data arrival time                                                  0.12

  clock clk (rise edge)                                   0.00       0.00
  clock network delay (ideal)                             0.00       0.00
  clock uncertainty                                       0.15       0.15
  iUART/iUART/iRX/rx_ff2_reg/CP (DFSNQD1BWP)              0.00       0.15 r
  library hold time                                       0.02       0.17
  data required time                                                 0.17
  --------------------------------------------------------------------------
  data required time                                                 0.17
  data arrival time                                                 -0.12
  --------------------------------------------------------------------------
  slack (VIOLATED)                                                  -0.06


1
